#
# There is insufficient memory for the Java Runtime Environment to continue.
# Native memory allocation (malloc) failed to allocate 148416 bytes. Error detail: Chunk::new
# Possible reasons:
#   The system is out of physical RAM or swap space
#   This process is running with CompressedOops enabled, and the Java Heap may be blocking the growth of the native heap
# Possible solutions:
#   Reduce memory load on the system
#   Increase physical memory or swap space
#   Check if swap backing store is full
#   Decrease Java heap size (-Xmx/-Xms)
#   Decrease number of Java threads
#   Decrease Java thread stack sizes (-Xss)
#   Set larger code cache with -XX:ReservedCodeCacheSize=
#   JVM is running with Unscaled Compressed Oops mode in which the Java heap is
#     placed in the first 4GB address space. The Java Heap base address is the
#     maximum limit for the native heap growth. Please use -XX:HeapBaseMinAddress
#     to set the Java Heap base and to place the Java Heap above 4GB virtual address.
# This output file may be truncated or incomplete.
#
#  Out of Memory Error (arena.cpp:150), pid=3108, tid=6360
#
# JRE version: Java(TM) SE Runtime Environment (22.0.2+9) (build 22.0.2+9-70)
# Java VM: Java HotSpot(TM) 64-Bit Server VM (22.0.2+9-70, mixed mode, sharing, tiered, compressed oops, compressed class ptrs, g1 gc, windows-amd64)
# No core dump will be written. Minidumps are not enabled by default on client versions of Windows
#

---------------  S U M M A R Y ------------

Command Line: -Dfile.encoding=UTF-8 --module-path=C:\Users\DELL\Documents\NetBeansProjects\KasirKoperasiSmada\build\classes App.Login

Host: Intel(R) Core(TM) i5-4210U CPU @ 1.70GHz, 4 cores, 7G,  Windows 10 , 64 bit Build 19041 (10.0.19041.5678)
Time: Mon May  5 21:38:37 2025 SE Asia Standard Time elapsed time: 0.659953 seconds (0d 0h 0m 0s)

---------------  T H R E A D  ---------------

Current thread (0x00000217206b9e10):  JavaThread "C2 CompilerThread0" daemon [_thread_in_native, id=6360, stack(0x00000021d0a00000,0x00000021d0b00000) (1024K)]


Current CompileTask:
C2:660  653       4       java.util.HashMap::put (13 bytes)

Stack: [0x00000021d0a00000,0x00000021d0b00000]
Native frames: (J=compiled Java code, j=interpreted, Vv=VM code, C=native code)
V  [jvm.dll+0x6e26e9]  (no source info available)
V  [jvm.dll+0x875753]  (no source info available)
V  [jvm.dll+0x877b7e]  (no source info available)
V  [jvm.dll+0x878253]  (no source info available)
V  [jvm.dll+0x27fc86]  (no source info available)
V  [jvm.dll+0xc3d0f]  (no source info available)
V  [jvm.dll+0xc3f6b]  (no source info available)
V  [jvm.dll+0x2f3c7f]  (no source info available)
V  [jvm.dll+0x60c0fa]  (no source info available)
V  [jvm.dll+0x250c92]  (no source info available)
V  [jvm.dll+0x249445]  (no source info available)
V  [jvm.dll+0x246da6]  (no source info available)
V  [jvm.dll+0x1c4e80]  (no source info available)
V  [jvm.dll+0x2568f3]  (no source info available)
V  [jvm.dll+0x254baa]  (no source info available)
V  [jvm.dll+0x3f57a6]  (no source info available)
V  [jvm.dll+0x81dc0b]  (no source info available)
V  [jvm.dll+0x6e0d85]  (no source info available)
C  [ucrtbase.dll+0x21bb2]  (no source info available)
C  [KERNEL32.DLL+0x17374]  (no source info available)
C  [ntdll.dll+0x4cc91]  (no source info available)


---------------  P R O C E S S  ---------------

Threads class SMR info:
_java_thread_list=0x00000217672e77b0, length=16, elements={
0x00000217206a9710, 0x00000217206ab6f0, 0x00000217206b6150, 0x00000217206b7bc0,
0x00000217206b8620, 0x00000217206b9080, 0x00000217206b9e10, 0x00000217206d5480,
0x00000217208c2a20, 0x0000021720a63f00, 0x0000021720b268f0, 0x0000021720b2af80,
0x0000021720b2d8a0, 0x0000021720c042e0, 0x0000021702530be0, 0x00000217672ea3e0
}

Java Threads: ( => current thread )
  0x00000217206a9710 JavaThread "Reference Handler"          daemon [_thread_blocked, id=3484, stack(0x00000021d0400000,0x00000021d0500000) (1024K)]
  0x00000217206ab6f0 JavaThread "Finalizer"                  daemon [_thread_blocked, id=3684, stack(0x00000021d0500000,0x00000021d0600000) (1024K)]
  0x00000217206b6150 JavaThread "Signal Dispatcher"          daemon [_thread_blocked, id=3580, stack(0x00000021d0600000,0x00000021d0700000) (1024K)]
  0x00000217206b7bc0 JavaThread "Attach Listener"            daemon [_thread_blocked, id=1864, stack(0x00000021d0700000,0x00000021d0800000) (1024K)]
  0x00000217206b8620 JavaThread "Service Thread"             daemon [_thread_blocked, id=5612, stack(0x00000021d0800000,0x00000021d0900000) (1024K)]
  0x00000217206b9080 JavaThread "Monitor Deflation Thread"   daemon [_thread_blocked, id=8580, stack(0x00000021d0900000,0x00000021d0a00000) (1024K)]
=>0x00000217206b9e10 JavaThread "C2 CompilerThread0"         daemon [_thread_in_native, id=6360, stack(0x00000021d0a00000,0x00000021d0b00000) (1024K)]
  0x00000217206d5480 JavaThread "C1 CompilerThread0"         daemon [_thread_in_native, id=11080, stack(0x00000021d0b00000,0x00000021d0c00000) (1024K)]
  0x00000217208c2a20 JavaThread "Common-Cleaner"             daemon [_thread_blocked, id=10448, stack(0x00000021d0c00000,0x00000021d0d00000) (1024K)]
  0x0000021720a63f00 JavaThread "Notification Thread"        daemon [_thread_blocked, id=1404, stack(0x00000021d0d00000,0x00000021d0e00000) (1024K)]
  0x0000021720b268f0 JavaThread "Java2D Disposer"            daemon [_thread_blocked, id=1288, stack(0x00000021d0e00000,0x00000021d0f00000) (1024K)]
  0x0000021720b2af80 JavaThread "AWT-Shutdown"                      [_thread_blocked, id=8792, stack(0x00000021d0f00000,0x00000021d1000000) (1024K)]
  0x0000021720b2d8a0 JavaThread "AWT-Windows"                daemon [_thread_in_native, id=14384, stack(0x00000021d1000000,0x00000021d1100000) (1024K)]
  0x0000021720c042e0 JavaThread "AWT-EventQueue-0"                  [_thread_blocked, id=16412, stack(0x00000021d1100000,0x00000021d1200000) (1024K)]
  0x0000021702530be0 JavaThread "DestroyJavaVM"                     [_thread_blocked, id=1488, stack(0x00000021cfc00000,0x00000021cfd00000) (1024K)]
  0x00000217672ea3e0 JavaThread "Image Fetcher 0"            daemon [_thread_in_Java, id=6880, stack(0x00000021d1200000,0x00000021d1300000) (1024K)]
Total: 16

Other Threads:
  0x000002172068be40 VMThread "VM Thread"                           [id=12508, stack(0x00000021d0300000,0x00000021d0400000) (1024K)]
  0x00000217206776e0 WatcherThread "VM Periodic Task Thread"        [id=10564, stack(0x00000021d0200000,0x00000021d0300000) (1024K)]
  0x00000217047367e0 WorkerThread "GC Thread#0"                     [id=16260, stack(0x00000021cfd00000,0x00000021cfe00000) (1024K)]
  0x0000021704747680 ConcurrentGCThread "G1 Main Marker"            [id=16656, stack(0x00000021cfe00000,0x00000021cff00000) (1024K)]
  0x0000021704748930 WorkerThread "G1 Conc#0"                       [id=18068, stack(0x00000021cff00000,0x00000021d0000000) (1024K)]
  0x00000217047ae370 ConcurrentGCThread "G1 Refine#0"               [id=18700, stack(0x00000021d0000000,0x00000021d0100000) (1024K)]
  0x00000217205344d0 ConcurrentGCThread "G1 Service"                [id=17128, stack(0x00000021d0100000,0x00000021d0200000) (1024K)]
Total: 7

Threads with active compile tasks:
C2 CompilerThread0  828  653       4       java.util.HashMap::put (13 bytes)
C1 CompilerThread0  828  643       3       javax.swing.UIDefaults$TextAndMnemonicHashMap::get (358 bytes)
Total: 2

VM state: not at safepoint (normal execution)

VM Mutex/Monitor currently owned by a thread: None

Heap address: 0x0000000081800000, size: 2024 MB, Compressed Oops mode: 32-bit

CDS archive(s) mapped at: [0x0000021721000000-0x0000021721c60000-0x0000021721c60000), size 12976128, SharedBaseAddress: 0x0000021721000000, ArchiveRelocationMode: 1.
Compressed class space mapped at: 0x0000021722000000-0x0000021762000000, reserved size: 1073741824
Narrow klass base: 0x0000021721000000, Narrow klass shift: 0, Narrow klass range: 0x41000000

GC Precious Log:
 CardTable entry size: 512
 Card Set container configuration: InlinePtr #cards 5 size 8 Array Of Cards #cards 12 size 40 Howl #buckets 4 coarsen threshold 1843 Howl Bitmap #cards 512 size 80 coarsen threshold 460 Card regions per heap region 1 cards per card region 2048
 CPUs: 4 total, 4 available
 Memory: 8095M
 Large Page Support: Disabled
 NUMA Support: Disabled
 Compressed Oops: Enabled (32-bit)
 Heap Region Size: 1M
 Heap Min Capacity: 8M
 Heap Initial Capacity: 128M
 Heap Max Capacity: 2024M
 Pre-touch: Disabled
 Parallel Workers: 4
 Concurrent Workers: 1
 Concurrent Refinement Workers: 4
 Periodic GC: Disabled

Heap:
 garbage-first heap   total reserved 2072576K, committed 131072K, used 7168K [0x0000000081800000, 0x0000000100000000)
  region size 1024K, 8 young (8192K), 0 survivors (0K)
 Metaspace       used 7703K, committed 7936K, reserved 1114112K
  class space    used 916K, committed 1024K, reserved 1048576K

Heap Regions: E=young(eden), S=young(survivor), O=old, HS=humongous(starts), HC=humongous(continues), CS=collection set, F=free, TAMS=top-at-mark-start, PB=parsable bottom
|   0|0x0000000081800000, 0x0000000081800000, 0x0000000081900000|  0%| F|  |TAMS 0x0000000081800000| PB 0x0000000081800000| Untracked |  0
|   1|0x0000000081900000, 0x0000000081900000, 0x0000000081a00000|  0%| F|  |TAMS 0x0000000081900000| PB 0x0000000081900000| Untracked |  0
|   2|0x0000000081a00000, 0x0000000081a00000, 0x0000000081b00000|  0%| F|  |TAMS 0x0000000081a00000| PB 0x0000000081a00000| Untracked |  0
|   3|0x0000000081b00000, 0x0000000081b00000, 0x0000000081c00000|  0%| F|  |TAMS 0x0000000081b00000| PB 0x0000000081b00000| Untracked |  0
|   4|0x0000000081c00000, 0x0000000081c00000, 0x0000000081d00000|  0%| F|  |TAMS 0x0000000081c00000| PB 0x0000000081c00000| Untracked |  0
|   5|0x0000000081d00000, 0x0000000081d00000, 0x0000000081e00000|  0%| F|  |TAMS 0x0000000081d00000| PB 0x0000000081d00000| Untracked |  0
|   6|0x0000000081e00000, 0x0000000081e00000, 0x0000000081f00000|  0%| F|  |TAMS 0x0000000081e00000| PB 0x0000000081e00000| Untracked |  0
|   7|0x0000000081f00000, 0x0000000081f00000, 0x0000000082000000|  0%| F|  |TAMS 0x0000000081f00000| PB 0x0000000081f00000| Untracked |  0
|   8|0x0000000082000000, 0x0000000082000000, 0x0000000082100000|  0%| F|  |TAMS 0x0000000082000000| PB 0x0000000082000000| Untracked |  0
|   9|0x0000000082100000, 0x0000000082100000, 0x0000000082200000|  0%| F|  |TAMS 0x0000000082100000| PB 0x0000000082100000| Untracked |  0
|  10|0x0000000082200000, 0x0000000082200000, 0x0000000082300000|  0%| F|  |TAMS 0x0000000082200000| PB 0x0000000082200000| Untracked |  0
|  11|0x0000000082300000, 0x0000000082300000, 0x0000000082400000|  0%| F|  |TAMS 0x0000000082300000| PB 0x0000000082300000| Untracked |  0
|  12|0x0000000082400000, 0x0000000082400000, 0x0000000082500000|  0%| F|  |TAMS 0x0000000082400000| PB 0x0000000082400000| Untracked |  0
|  13|0x0000000082500000, 0x0000000082500000, 0x0000000082600000|  0%| F|  |TAMS 0x0000000082500000| PB 0x0000000082500000| Untracked |  0
|  14|0x0000000082600000, 0x0000000082600000, 0x0000000082700000|  0%| F|  |TAMS 0x0000000082600000| PB 0x0000000082600000| Untracked |  0
|  15|0x0000000082700000, 0x0000000082700000, 0x0000000082800000|  0%| F|  |TAMS 0x0000000082700000| PB 0x0000000082700000| Untracked |  0
|  16|0x0000000082800000, 0x0000000082800000, 0x0000000082900000|  0%| F|  |TAMS 0x0000000082800000| PB 0x0000000082800000| Untracked |  0
|  17|0x0000000082900000, 0x0000000082900000, 0x0000000082a00000|  0%| F|  |TAMS 0x0000000082900000| PB 0x0000000082900000| Untracked |  0
|  18|0x0000000082a00000, 0x0000000082a00000, 0x0000000082b00000|  0%| F|  |TAMS 0x0000000082a00000| PB 0x0000000082a00000| Untracked |  0
|  19|0x0000000082b00000, 0x0000000082b00000, 0x0000000082c00000|  0%| F|  |TAMS 0x0000000082b00000| PB 0x0000000082b00000| Untracked |  0
|  20|0x0000000082c00000, 0x0000000082c00000, 0x0000000082d00000|  0%| F|  |TAMS 0x0000000082c00000| PB 0x0000000082c00000| Untracked |  0
|  21|0x0000000082d00000, 0x0000000082d00000, 0x0000000082e00000|  0%| F|  |TAMS 0x0000000082d00000| PB 0x0000000082d00000| Untracked |  0
|  22|0x0000000082e00000, 0x0000000082e00000, 0x0000000082f00000|  0%| F|  |TAMS 0x0000000082e00000| PB 0x0000000082e00000| Untracked |  0
|  23|0x0000000082f00000, 0x0000000082f00000, 0x0000000083000000|  0%| F|  |TAMS 0x0000000082f00000| PB 0x0000000082f00000| Untracked |  0
|  24|0x0000000083000000, 0x0000000083000000, 0x0000000083100000|  0%| F|  |TAMS 0x0000000083000000| PB 0x0000000083000000| Untracked |  0
|  25|0x0000000083100000, 0x0000000083100000, 0x0000000083200000|  0%| F|  |TAMS 0x0000000083100000| PB 0x0000000083100000| Untracked |  0
|  26|0x0000000083200000, 0x0000000083200000, 0x0000000083300000|  0%| F|  |TAMS 0x0000000083200000| PB 0x0000000083200000| Untracked |  0
|  27|0x0000000083300000, 0x0000000083300000, 0x0000000083400000|  0%| F|  |TAMS 0x0000000083300000| PB 0x0000000083300000| Untracked |  0
|  28|0x0000000083400000, 0x0000000083400000, 0x0000000083500000|  0%| F|  |TAMS 0x0000000083400000| PB 0x0000000083400000| Untracked |  0
|  29|0x0000000083500000, 0x0000000083500000, 0x0000000083600000|  0%| F|  |TAMS 0x0000000083500000| PB 0x0000000083500000| Untracked |  0
|  30|0x0000000083600000, 0x0000000083600000, 0x0000000083700000|  0%| F|  |TAMS 0x0000000083600000| PB 0x0000000083600000| Untracked |  0
|  31|0x0000000083700000, 0x0000000083700000, 0x0000000083800000|  0%| F|  |TAMS 0x0000000083700000| PB 0x0000000083700000| Untracked |  0
|  32|0x0000000083800000, 0x0000000083800000, 0x0000000083900000|  0%| F|  |TAMS 0x0000000083800000| PB 0x0000000083800000| Untracked |  0
|  33|0x0000000083900000, 0x0000000083900000, 0x0000000083a00000|  0%| F|  |TAMS 0x0000000083900000| PB 0x0000000083900000| Untracked |  0
|  34|0x0000000083a00000, 0x0000000083a00000, 0x0000000083b00000|  0%| F|  |TAMS 0x0000000083a00000| PB 0x0000000083a00000| Untracked |  0
|  35|0x0000000083b00000, 0x0000000083b00000, 0x0000000083c00000|  0%| F|  |TAMS 0x0000000083b00000| PB 0x0000000083b00000| Untracked |  0
|  36|0x0000000083c00000, 0x0000000083c00000, 0x0000000083d00000|  0%| F|  |TAMS 0x0000000083c00000| PB 0x0000000083c00000| Untracked |  0
|  37|0x0000000083d00000, 0x0000000083d00000, 0x0000000083e00000|  0%| F|  |TAMS 0x0000000083d00000| PB 0x0000000083d00000| Untracked |  0
|  38|0x0000000083e00000, 0x0000000083e00000, 0x0000000083f00000|  0%| F|  |TAMS 0x0000000083e00000| PB 0x0000000083e00000| Untracked |  0
|  39|0x0000000083f00000, 0x0000000083f00000, 0x0000000084000000|  0%| F|  |TAMS 0x0000000083f00000| PB 0x0000000083f00000| Untracked |  0
|  40|0x0000000084000000, 0x0000000084000000, 0x0000000084100000|  0%| F|  |TAMS 0x0000000084000000| PB 0x0000000084000000| Untracked |  0
|  41|0x0000000084100000, 0x0000000084100000, 0x0000000084200000|  0%| F|  |TAMS 0x0000000084100000| PB 0x0000000084100000| Untracked |  0
|  42|0x0000000084200000, 0x0000000084200000, 0x0000000084300000|  0%| F|  |TAMS 0x0000000084200000| PB 0x0000000084200000| Untracked |  0
|  43|0x0000000084300000, 0x0000000084300000, 0x0000000084400000|  0%| F|  |TAMS 0x0000000084300000| PB 0x0000000084300000| Untracked |  0
|  44|0x0000000084400000, 0x0000000084400000, 0x0000000084500000|  0%| F|  |TAMS 0x0000000084400000| PB 0x0000000084400000| Untracked |  0
|  45|0x0000000084500000, 0x0000000084500000, 0x0000000084600000|  0%| F|  |TAMS 0x0000000084500000| PB 0x0000000084500000| Untracked |  0
|  46|0x0000000084600000, 0x0000000084600000, 0x0000000084700000|  0%| F|  |TAMS 0x0000000084600000| PB 0x0000000084600000| Untracked |  0
|  47|0x0000000084700000, 0x0000000084700000, 0x0000000084800000|  0%| F|  |TAMS 0x0000000084700000| PB 0x0000000084700000| Untracked |  0
|  48|0x0000000084800000, 0x0000000084800000, 0x0000000084900000|  0%| F|  |TAMS 0x0000000084800000| PB 0x0000000084800000| Untracked |  0
|  49|0x0000000084900000, 0x0000000084900000, 0x0000000084a00000|  0%| F|  |TAMS 0x0000000084900000| PB 0x0000000084900000| Untracked |  0
|  50|0x0000000084a00000, 0x0000000084a00000, 0x0000000084b00000|  0%| F|  |TAMS 0x0000000084a00000| PB 0x0000000084a00000| Untracked |  0
|  51|0x0000000084b00000, 0x0000000084b00000, 0x0000000084c00000|  0%| F|  |TAMS 0x0000000084b00000| PB 0x0000000084b00000| Untracked |  0
|  52|0x0000000084c00000, 0x0000000084c00000, 0x0000000084d00000|  0%| F|  |TAMS 0x0000000084c00000| PB 0x0000000084c00000| Untracked |  0
|  53|0x0000000084d00000, 0x0000000084d00000, 0x0000000084e00000|  0%| F|  |TAMS 0x0000000084d00000| PB 0x0000000084d00000| Untracked |  0
|  54|0x0000000084e00000, 0x0000000084e00000, 0x0000000084f00000|  0%| F|  |TAMS 0x0000000084e00000| PB 0x0000000084e00000| Untracked |  0
|  55|0x0000000084f00000, 0x0000000084f00000, 0x0000000085000000|  0%| F|  |TAMS 0x0000000084f00000| PB 0x0000000084f00000| Untracked |  0
|  56|0x0000000085000000, 0x0000000085000000, 0x0000000085100000|  0%| F|  |TAMS 0x0000000085000000| PB 0x0000000085000000| Untracked |  0
|  57|0x0000000085100000, 0x0000000085100000, 0x0000000085200000|  0%| F|  |TAMS 0x0000000085100000| PB 0x0000000085100000| Untracked |  0
|  58|0x0000000085200000, 0x0000000085200000, 0x0000000085300000|  0%| F|  |TAMS 0x0000000085200000| PB 0x0000000085200000| Untracked |  0
|  59|0x0000000085300000, 0x0000000085300000, 0x0000000085400000|  0%| F|  |TAMS 0x0000000085300000| PB 0x0000000085300000| Untracked |  0
|  60|0x0000000085400000, 0x0000000085400000, 0x0000000085500000|  0%| F|  |TAMS 0x0000000085400000| PB 0x0000000085400000| Untracked |  0
|  61|0x0000000085500000, 0x0000000085500000, 0x0000000085600000|  0%| F|  |TAMS 0x0000000085500000| PB 0x0000000085500000| Untracked |  0
|  62|0x0000000085600000, 0x0000000085600000, 0x0000000085700000|  0%| F|  |TAMS 0x0000000085600000| PB 0x0000000085600000| Untracked |  0
|  63|0x0000000085700000, 0x0000000085700000, 0x0000000085800000|  0%| F|  |TAMS 0x0000000085700000| PB 0x0000000085700000| Untracked |  0
|  64|0x0000000085800000, 0x0000000085800000, 0x0000000085900000|  0%| F|  |TAMS 0x0000000085800000| PB 0x0000000085800000| Untracked |  0
|  65|0x0000000085900000, 0x0000000085900000, 0x0000000085a00000|  0%| F|  |TAMS 0x0000000085900000| PB 0x0000000085900000| Untracked |  0
|  66|0x0000000085a00000, 0x0000000085a00000, 0x0000000085b00000|  0%| F|  |TAMS 0x0000000085a00000| PB 0x0000000085a00000| Untracked |  0
|  67|0x0000000085b00000, 0x0000000085b00000, 0x0000000085c00000|  0%| F|  |TAMS 0x0000000085b00000| PB 0x0000000085b00000| Untracked |  0
|  68|0x0000000085c00000, 0x0000000085c00000, 0x0000000085d00000|  0%| F|  |TAMS 0x0000000085c00000| PB 0x0000000085c00000| Untracked |  0
|  69|0x0000000085d00000, 0x0000000085d00000, 0x0000000085e00000|  0%| F|  |TAMS 0x0000000085d00000| PB 0x0000000085d00000| Untracked |  0
|  70|0x0000000085e00000, 0x0000000085e00000, 0x0000000085f00000|  0%| F|  |TAMS 0x0000000085e00000| PB 0x0000000085e00000| Untracked |  0
|  71|0x0000000085f00000, 0x0000000085f00000, 0x0000000086000000|  0%| F|  |TAMS 0x0000000085f00000| PB 0x0000000085f00000| Untracked |  0
|  72|0x0000000086000000, 0x0000000086000000, 0x0000000086100000|  0%| F|  |TAMS 0x0000000086000000| PB 0x0000000086000000| Untracked |  0
|  73|0x0000000086100000, 0x0000000086100000, 0x0000000086200000|  0%| F|  |TAMS 0x0000000086100000| PB 0x0000000086100000| Untracked |  0
|  74|0x0000000086200000, 0x0000000086200000, 0x0000000086300000|  0%| F|  |TAMS 0x0000000086200000| PB 0x0000000086200000| Untracked |  0
|  75|0x0000000086300000, 0x0000000086300000, 0x0000000086400000|  0%| F|  |TAMS 0x0000000086300000| PB 0x0000000086300000| Untracked |  0
|  76|0x0000000086400000, 0x0000000086400000, 0x0000000086500000|  0%| F|  |TAMS 0x0000000086400000| PB 0x0000000086400000| Untracked |  0
|  77|0x0000000086500000, 0x0000000086500000, 0x0000000086600000|  0%| F|  |TAMS 0x0000000086500000| PB 0x0000000086500000| Untracked |  0
|  78|0x0000000086600000, 0x0000000086600000, 0x0000000086700000|  0%| F|  |TAMS 0x0000000086600000| PB 0x0000000086600000| Untracked |  0
|  79|0x0000000086700000, 0x0000000086700000, 0x0000000086800000|  0%| F|  |TAMS 0x0000000086700000| PB 0x0000000086700000| Untracked |  0
|  80|0x0000000086800000, 0x0000000086800000, 0x0000000086900000|  0%| F|  |TAMS 0x0000000086800000| PB 0x0000000086800000| Untracked |  0
|  81|0x0000000086900000, 0x0000000086900000, 0x0000000086a00000|  0%| F|  |TAMS 0x0000000086900000| PB 0x0000000086900000| Untracked |  0
|  82|0x0000000086a00000, 0x0000000086a00000, 0x0000000086b00000|  0%| F|  |TAMS 0x0000000086a00000| PB 0x0000000086a00000| Untracked |  0
|  83|0x0000000086b00000, 0x0000000086b00000, 0x0000000086c00000|  0%| F|  |TAMS 0x0000000086b00000| PB 0x0000000086b00000| Untracked |  0
|  84|0x0000000086c00000, 0x0000000086c00000, 0x0000000086d00000|  0%| F|  |TAMS 0x0000000086c00000| PB 0x0000000086c00000| Untracked |  0
|  85|0x0000000086d00000, 0x0000000086d00000, 0x0000000086e00000|  0%| F|  |TAMS 0x0000000086d00000| PB 0x0000000086d00000| Untracked |  0
|  86|0x0000000086e00000, 0x0000000086e00000, 0x0000000086f00000|  0%| F|  |TAMS 0x0000000086e00000| PB 0x0000000086e00000| Untracked |  0
|  87|0x0000000086f00000, 0x0000000086f00000, 0x0000000087000000|  0%| F|  |TAMS 0x0000000086f00000| PB 0x0000000086f00000| Untracked |  0
|  88|0x0000000087000000, 0x0000000087000000, 0x0000000087100000|  0%| F|  |TAMS 0x0000000087000000| PB 0x0000000087000000| Untracked |  0
|  89|0x0000000087100000, 0x0000000087100000, 0x0000000087200000|  0%| F|  |TAMS 0x0000000087100000| PB 0x0000000087100000| Untracked |  0
|  90|0x0000000087200000, 0x0000000087200000, 0x0000000087300000|  0%| F|  |TAMS 0x0000000087200000| PB 0x0000000087200000| Untracked |  0
|  91|0x0000000087300000, 0x0000000087300000, 0x0000000087400000|  0%| F|  |TAMS 0x0000000087300000| PB 0x0000000087300000| Untracked |  0
|  92|0x0000000087400000, 0x0000000087400000, 0x0000000087500000|  0%| F|  |TAMS 0x0000000087400000| PB 0x0000000087400000| Untracked |  0
|  93|0x0000000087500000, 0x0000000087500000, 0x0000000087600000|  0%| F|  |TAMS 0x0000000087500000| PB 0x0000000087500000| Untracked |  0
|  94|0x0000000087600000, 0x0000000087600000, 0x0000000087700000|  0%| F|  |TAMS 0x0000000087600000| PB 0x0000000087600000| Untracked |  0
|  95|0x0000000087700000, 0x0000000087700000, 0x0000000087800000|  0%| F|  |TAMS 0x0000000087700000| PB 0x0000000087700000| Untracked |  0
|  96|0x0000000087800000, 0x0000000087800000, 0x0000000087900000|  0%| F|  |TAMS 0x0000000087800000| PB 0x0000000087800000| Untracked |  0
|  97|0x0000000087900000, 0x0000000087900000, 0x0000000087a00000|  0%| F|  |TAMS 0x0000000087900000| PB 0x0000000087900000| Untracked |  0
|  98|0x0000000087a00000, 0x0000000087a00000, 0x0000000087b00000|  0%| F|  |TAMS 0x0000000087a00000| PB 0x0000000087a00000| Untracked |  0
|  99|0x0000000087b00000, 0x0000000087b00000, 0x0000000087c00000|  0%| F|  |TAMS 0x0000000087b00000| PB 0x0000000087b00000| Untracked |  0
| 100|0x0000000087c00000, 0x0000000087c00000, 0x0000000087d00000|  0%| F|  |TAMS 0x0000000087c00000| PB 0x0000000087c00000| Untracked |  0
| 101|0x0000000087d00000, 0x0000000087d00000, 0x0000000087e00000|  0%| F|  |TAMS 0x0000000087d00000| PB 0x0000000087d00000| Untracked |  0
| 102|0x0000000087e00000, 0x0000000087e00000, 0x0000000087f00000|  0%| F|  |TAMS 0x0000000087e00000| PB 0x0000000087e00000| Untracked |  0
| 103|0x0000000087f00000, 0x0000000087f00000, 0x0000000088000000|  0%| F|  |TAMS 0x0000000087f00000| PB 0x0000000087f00000| Untracked |  0
| 104|0x0000000088000000, 0x0000000088000000, 0x0000000088100000|  0%| F|  |TAMS 0x0000000088000000| PB 0x0000000088000000| Untracked |  0
| 105|0x0000000088100000, 0x0000000088100000, 0x0000000088200000|  0%| F|  |TAMS 0x0000000088100000| PB 0x0000000088100000| Untracked |  0
| 106|0x0000000088200000, 0x0000000088200000, 0x0000000088300000|  0%| F|  |TAMS 0x0000000088200000| PB 0x0000000088200000| Untracked |  0
| 107|0x0000000088300000, 0x0000000088300000, 0x0000000088400000|  0%| F|  |TAMS 0x0000000088300000| PB 0x0000000088300000| Untracked |  0
| 108|0x0000000088400000, 0x0000000088400000, 0x0000000088500000|  0%| F|  |TAMS 0x0000000088400000| PB 0x0000000088400000| Untracked |  0
| 109|0x0000000088500000, 0x0000000088500000, 0x0000000088600000|  0%| F|  |TAMS 0x0000000088500000| PB 0x0000000088500000| Untracked |  0
| 110|0x0000000088600000, 0x0000000088600000, 0x0000000088700000|  0%| F|  |TAMS 0x0000000088600000| PB 0x0000000088600000| Untracked |  0
| 111|0x0000000088700000, 0x0000000088700000, 0x0000000088800000|  0%| F|  |TAMS 0x0000000088700000| PB 0x0000000088700000| Untracked |  0
| 112|0x0000000088800000, 0x0000000088800000, 0x0000000088900000|  0%| F|  |TAMS 0x0000000088800000| PB 0x0000000088800000| Untracked |  0
| 113|0x0000000088900000, 0x0000000088900000, 0x0000000088a00000|  0%| F|  |TAMS 0x0000000088900000| PB 0x0000000088900000| Untracked |  0
| 114|0x0000000088a00000, 0x0000000088a00000, 0x0000000088b00000|  0%| F|  |TAMS 0x0000000088a00000| PB 0x0000000088a00000| Untracked |  0
| 115|0x0000000088b00000, 0x0000000088b00000, 0x0000000088c00000|  0%| F|  |TAMS 0x0000000088b00000| PB 0x0000000088b00000| Untracked |  0
| 116|0x0000000088c00000, 0x0000000088c00000, 0x0000000088d00000|  0%| F|  |TAMS 0x0000000088c00000| PB 0x0000000088c00000| Untracked |  0
| 117|0x0000000088d00000, 0x0000000088d00000, 0x0000000088e00000|  0%| F|  |TAMS 0x0000000088d00000| PB 0x0000000088d00000| Untracked |  0
| 118|0x0000000088e00000, 0x0000000088e00000, 0x0000000088f00000|  0%| F|  |TAMS 0x0000000088e00000| PB 0x0000000088e00000| Untracked |  0
| 119|0x0000000088f00000, 0x0000000088f00000, 0x0000000089000000|  0%| F|  |TAMS 0x0000000088f00000| PB 0x0000000088f00000| Untracked |  0
| 120|0x0000000089000000, 0x00000000890d7288, 0x0000000089100000| 84%| E|  |TAMS 0x0000000089000000| PB 0x0000000089000000| Complete |  0
| 121|0x0000000089100000, 0x0000000089200000, 0x0000000089200000|100%| E|CS|TAMS 0x0000000089100000| PB 0x0000000089100000| Complete |  0
| 122|0x0000000089200000, 0x0000000089300000, 0x0000000089300000|100%| E|CS|TAMS 0x0000000089200000| PB 0x0000000089200000| Complete |  0
| 123|0x0000000089300000, 0x0000000089400000, 0x0000000089400000|100%| E|CS|TAMS 0x0000000089300000| PB 0x0000000089300000| Complete |  0
| 124|0x0000000089400000, 0x0000000089500000, 0x0000000089500000|100%| E|CS|TAMS 0x0000000089400000| PB 0x0000000089400000| Complete |  0
| 125|0x0000000089500000, 0x0000000089600000, 0x0000000089600000|100%| E|CS|TAMS 0x0000000089500000| PB 0x0000000089500000| Complete |  0
| 126|0x0000000089600000, 0x0000000089700000, 0x0000000089700000|100%| E|CS|TAMS 0x0000000089600000| PB 0x0000000089600000| Complete |  0
| 127|0x0000000089700000, 0x0000000089800000, 0x0000000089800000|100%| E|CS|TAMS 0x0000000089700000| PB 0x0000000089700000| Complete |  0

Card table byte_map: [0x000002171be40000,0x000002171c240000] _byte_map_base: 0x000002171ba34000

Marking Bits: (CMBitMap*) 0x0000021704736ef0
 Bits: [0x000002171c240000, 0x000002171e1e0000)

Polling page: 0x0000021702610000

Metaspace:

Usage:
  Non-class:      6.63 MB used.
      Class:    916.14 KB used.
       Both:      7.53 MB used.

Virtual space:
  Non-class space:       64.00 MB reserved,       6.75 MB ( 11%) committed,  1 nodes.
      Class space:        1.00 GB reserved,       1.00 MB ( <1%) committed,  1 nodes.
             Both:        1.06 GB reserved,       7.75 MB ( <1%) committed. 

Chunk freelists:
   Non-Class:  8.99 MB
       Class:  14.99 MB
        Both:  23.98 MB

MaxMetaspaceSize: unlimited
CompressedClassSpaceSize: 1.00 GB
Initial GC threshold: 21.00 MB
Current GC threshold: 21.00 MB
CDS: on
 - commit_granule_bytes: 65536.
 - commit_granule_words: 8192.
 - virtual_space_node_default_size: 8388608.
 - enlarge_chunks_in_place: 1.
 - use_allocation_guard: 0.


Internal statistics:

num_allocs_failed_limit: 0.
num_arena_births: 130.
num_arena_deaths: 0.
num_vsnodes_births: 2.
num_vsnodes_deaths: 0.
num_space_committed: 124.
num_space_uncommitted: 0.
num_chunks_returned_to_freelist: 0.
num_chunks_taken_from_freelist: 156.
num_chunk_merges: 0.
num_chunk_splits: 98.
num_chunks_enlarged: 50.
num_inconsistent_stats: 0.

CodeHeap 'non-profiled nmethods': size=120000Kb used=192Kb max_used=192Kb free=119807Kb
 bounds [0x0000021714510000, 0x0000021714780000, 0x000002171ba40000]
CodeHeap 'profiled nmethods': size=120000Kb used=890Kb max_used=890Kb free=119109Kb
 bounds [0x000002170ca40000, 0x000002170ccb0000, 0x0000021713f70000]
CodeHeap 'non-nmethods': size=5760Kb used=1494Kb max_used=1494Kb free=4266Kb
 bounds [0x0000021713f70000, 0x00000217141e0000, 0x0000021714510000]
 total_blobs=1227 nmethods=657 adapters=475
 compilation: enabled
              stopped_count=0, restarted_count=0
 full_count=0

Compilation events (20 events):
Event: 0.626 Thread 0x00000217206d5480 nmethod 636 0x000002170cb1b810 code [0x000002170cb1b9a0, 0x000002170cb1baa8]
Event: 0.633 Thread 0x00000217206d5480  639       3       java.lang.invoke.LambdaFormEditor::getInCache (165 bytes)
Event: 0.634 Thread 0x00000217206d5480 nmethod 639 0x000002170cb1bb10 code [0x000002170cb1bd80, 0x000002170cb1cb08]
Event: 0.635 Thread 0x00000217206d5480  637       3       java.lang.invoke.LambdaFormEditor$TransformKey::inRange (36 bytes)
Event: 0.635 Thread 0x00000217206d5480 nmethod 637 0x000002170cb1ce90 code [0x000002170cb1d020, 0x000002170cb1d170]
Event: 0.635 Thread 0x00000217206d5480  638       3       java.lang.invoke.LambdaFormEditor$TransformKey::<init> (15 bytes)
Event: 0.635 Thread 0x00000217206d5480 nmethod 638 0x000002170cb1d210 code [0x000002170cb1d3a0, 0x000002170cb1d538]
Event: 0.637 Thread 0x00000217206d5480  640       3       java.lang.CharacterData::of (136 bytes)
Event: 0.637 Thread 0x00000217206b9e10 nmethod 615 0x000002171453b690 code [0x000002171453b880, 0x000002171453c4d8]
Event: 0.637 Thread 0x00000217206d5480 nmethod 640 0x000002170cb1d610 code [0x000002170cb1d860, 0x000002170cb1e1a0]
Event: 0.637 Thread 0x00000217206d5480  641       3       java.lang.Character::charCount (12 bytes)
Event: 0.637 Thread 0x00000217206d5480 nmethod 641 0x000002170cb1e410 code [0x000002170cb1e5a0, 0x000002170cb1e700]
Event: 0.637 Thread 0x00000217206b9e10  630       4       java.lang.String::toString (2 bytes)
Event: 0.638 Thread 0x00000217206d5480  642       3       java.lang.CharacterDataLatin1::getProperties (11 bytes)
Event: 0.638 Thread 0x00000217206d5480 nmethod 642 0x000002170cb1e790 code [0x000002170cb1e920, 0x000002170cb1ea68]
Event: 0.638 Thread 0x00000217206d5480  643       3       javax.swing.UIDefaults$TextAndMnemonicHashMap::get (358 bytes)
Event: 0.638 Thread 0x00000217206b9e10 nmethod 630 0x000002171453c790 code [0x000002171453c900, 0x000002171453c988]
Event: 0.638 Thread 0x00000217206b9e10  625       4       java.lang.StringLatin1::hashCode (52 bytes)
Event: 0.639 Thread 0x00000217206b9e10 nmethod 625 0x000002171453ca90 code [0x000002171453cc40, 0x000002171453ced8]
Event: 0.647 Thread 0x00000217206b9e10  653       4       java.util.HashMap::put (13 bytes)

GC Heap History (0 events):
No events

Dll operation events (9 events):
Event: 0.010 Loaded shared library C:\Program Files\Java\jdk-22\bin\java.dll
Event: 0.056 Loaded shared library C:\Program Files\Java\jdk-22\bin\jsvml.dll
Event: 0.140 Loaded shared library C:\Program Files\Java\jdk-22\bin\net.dll
Event: 0.143 Loaded shared library C:\Program Files\Java\jdk-22\bin\nio.dll
Event: 0.190 Loaded shared library C:\Program Files\Java\jdk-22\bin\zip.dll
Event: 0.214 Loaded shared library C:\Program Files\Java\jdk-22\bin\jimage.dll
Event: 0.241 Loaded shared library C:\Program Files\Java\jdk-22\bin\awt.dll
Event: 0.506 Loaded shared library C:\Program Files\Java\jdk-22\bin\freetype.dll
Event: 0.507 Loaded shared library C:\Program Files\Java\jdk-22\bin\fontmanager.dll

Deoptimization events (4 events):
Event: 0.393 Thread 0x0000021702530be0 Uncommon trap: trap_request=0xffffff45 fr.pc=0x00000217145203bc relative=0x00000000000009fc
Event: 0.393 Thread 0x0000021702530be0 Uncommon trap: reason=unstable_if action=reinterpret pc=0x00000217145203bc method=java.util.HashMap.putVal(ILjava/lang/Object;Ljava/lang/Object;ZZ)Ljava/lang/Object; @ 236 c2
Event: 0.393 Thread 0x0000021702530be0 DEOPT PACKING pc=0x00000217145203bc sp=0x00000021cfcfdfd0
Event: 0.393 Thread 0x0000021702530be0 DEOPT UNPACKING pc=0x0000021713fc46a2 sp=0x00000021cfcfdf88 mode 2

Classes loaded (20 events):
Event: 0.642 Loading class javax/swing/plaf/nimbus/SynthPainterImpl
Event: 0.644 Loading class javax/swing/plaf/synth/SynthPainter
Event: 0.644 Loading class javax/swing/plaf/synth/SynthPainter done
Event: 0.644 Loading class javax/swing/plaf/nimbus/SynthPainterImpl done
Event: 0.644 Loading class javax/swing/plaf/synth/SynthPainter$1
Event: 0.645 Loading class javax/swing/plaf/synth/SynthPainter$1 done
Event: 0.645 Loading class javax/swing/plaf/synth/SynthBorder
Event: 0.645 Loading class javax/swing/plaf/synth/SynthBorder done
Event: 0.645 Loading class javax/swing/plaf/nimbus/NimbusStyle$Values
Event: 0.645 Loading class javax/swing/plaf/nimbus/NimbusStyle$Values done
Event: 0.645 Loading class java/util/Hashtable$EntrySet
Event: 0.645 Loading class java/util/Hashtable$EntrySet done
Event: 0.654 Loading class javax/swing/plaf/nimbus/NimbusStyle$RuntimeState
Event: 0.654 Loading class javax/swing/plaf/nimbus/NimbusStyle$RuntimeState done
Event: 0.654 Loading class javax/swing/RepaintManager$ProcessingRunnable
Event: 0.654 Loading class javax/swing/RepaintManager$ProcessingRunnable done
Event: 0.654 Loading class com/sun/java/swing/SwingUtilities3
Event: 0.654 Loading class com/sun/java/swing/SwingUtilities3 done
Event: 0.656 Loading class javax/swing/plaf/synth/ColorType
Event: 0.656 Loading class javax/swing/plaf/synth/ColorType done

Classes unloaded (0 events):
No events

Classes redefined (0 events):
No events

Internal exceptions (20 events):
Event: 0.586 Thread 0x0000021702530be0 Exception <a 'java/lang/ClassNotFoundException'{0x00000000892674f0}: PasswordField> (0x00000000892674f0) 
thrown [s\open\src\hotspot\share\classfile\systemDictionary.cpp, line 313]
Event: 0.587 Thread 0x0000021702530be0 Exception <a 'java/lang/ClassNotFoundException'{0x0000000089267a38}: TextArea> (0x0000000089267a38) 
thrown [s\open\src\hotspot\share\classfile\systemDictionary.cpp, line 313]
Event: 0.588 Thread 0x0000021702530be0 Exception <a 'java/lang/ClassNotFoundException'{0x0000000089268358}: TextPane> (0x0000000089268358) 
thrown [s\open\src\hotspot\share\classfile\systemDictionary.cpp, line 313]
Event: 0.588 Thread 0x0000021702530be0 Exception <a 'java/lang/ClassNotFoundException'{0x00000000892687c0}: EditorPane> (0x00000000892687c0) 
thrown [s\open\src\hotspot\share\classfile\systemDictionary.cpp, line 313]
Event: 0.589 Thread 0x0000021702530be0 Exception <a 'java/lang/ClassNotFoundException'{0x0000000089269110}: ToolBar> (0x0000000089269110) 
thrown [s\open\src\hotspot\share\classfile\systemDictionary.cpp, line 313]
Event: 0.589 Thread 0x0000021702530be0 Exception <a 'java/lang/ClassNotFoundException'{0x0000000089269608}: ToolBar> (0x0000000089269608) 
thrown [s\open\src\hotspot\share\classfile\systemDictionary.cpp, line 313]
Event: 0.589 Thread 0x0000021702530be0 Exception <a 'java/lang/ClassNotFoundException'{0x0000000089269968}: Button> (0x0000000089269968) 
thrown [s\open\src\hotspot\share\classfile\systemDictionary.cpp, line 313]
Event: 0.590 Thread 0x0000021702530be0 Exception <a 'java/lang/ClassNotFoundException'{0x0000000089269e30}: ToolBar> (0x0000000089269e30) 
thrown [s\open\src\hotspot\share\classfile\systemDictionary.cpp, line 313]
Event: 0.590 Thread 0x0000021702530be0 Exception <a 'java/lang/ClassNotFoundException'{0x000000008926a1a0}: ToggleButton> (0x000000008926a1a0) 
thrown [s\open\src\hotspot\share\classfile\systemDictionary.cpp, line 313]
Event: 0.590 Thread 0x0000021702530be0 Exception <a 'java/lang/ClassNotFoundException'{0x000000008926a5e0}: javax/swing/JToolBarSeparator> (0x000000008926a5e0) 
thrown [s\open\src\hotspot\share\classfile\systemDictionary.cpp, line 313]
Event: 0.590 Thread 0x0000021702530be0 Exception <a 'java/lang/ClassNotFoundException'{0x000000008926a8f0}: ToolBarSeparator> (0x000000008926a8f0) 
thrown [s\open\src\hotspot\share\classfile\systemDictionary.cpp, line 313]
Event: 0.590 Thread 0x0000021702530be0 Exception <a 'java/lang/ClassNotFoundException'{0x000000008926adf8}: ToolTip> (0x000000008926adf8) 
thrown [s\open\src\hotspot\share\classfile\systemDictionary.cpp, line 313]
Event: 0.593 Thread 0x0000021702530be0 Exception <a 'java/lang/ClassNotFoundException'{0x000000008926b738}: Tree> (0x000000008926b738) 
thrown [s\open\src\hotspot\share\classfile\systemDictionary.cpp, line 313]
Event: 0.593 Thread 0x0000021702530be0 Exception <a 'java/lang/ClassNotFoundException'{0x000000008926bc30}: Tree> (0x000000008926bc30) 
thrown [s\open\src\hotspot\share\classfile\systemDictionary.cpp, line 313]
Event: 0.593 Thread 0x0000021702530be0 Exception <a 'java/lang/ClassNotFoundException'{0x000000008926bfa0}: javax/swing/JTreeCell> (0x000000008926bfa0) 
thrown [s\open\src\hotspot\share\classfile\systemDictionary.cpp, line 313]
Event: 0.593 Thread 0x0000021702530be0 Exception <a 'java/lang/ClassNotFoundException'{0x000000008926c2a8}: TreeCell> (0x000000008926c2a8) 
thrown [s\open\src\hotspot\share\classfile\systemDictionary.cpp, line 313]
Event: 0.594 Thread 0x0000021702530be0 Exception <a 'java/lang/ClassNotFoundException'{0x000000008926ca50}: RootPane> (0x000000008926ca50) 
thrown [s\open\src\hotspot\share\classfile\systemDictionary.cpp, line 313]
Event: 0.597 Thread 0x0000021702530be0 Exception <a 'java/lang/ClassNotFoundException'{0x000000008926f7e0}: com/sun/swing/internal/plaf/metal/resources/spi/metalProvider> (0x000000008926f7e0) 
thrown [s\open\src\hotspot\share\classfile\systemDictionary.cpp, line 313]
Event: 0.598 Thread 0x0000021702530be0 Exception <a 'java/lang/ClassNotFoundException'{0x0000000089273490}: com/sun/swing/internal/plaf/basic/resources/spi/basicProvider> (0x0000000089273490) 
thrown [s\open\src\hotspot\share\classfile\systemDictionary.cpp, line 313]
Event: 0.636 Thread 0x0000021720c042e0 Exception <a 'java/lang/ClassNotFoundException'{0x00000000892eb570}: com/sun/swing/internal/plaf/synth/resources/spi/synthProvider> (0x00000000892eb570) 
thrown [s\open\src\hotspot\share\classfile\systemDictionary.cpp, line 313]

ZGC Phase Switch (0 events):
No events

VM Operations (4 events):
Event: 0.149 Executing VM operation: HandshakeAllThreads (Deoptimize)
Event: 0.149 Executing VM operation: HandshakeAllThreads (Deoptimize) done
Event: 0.300 Executing VM operation: HandshakeAllThreads (Deoptimize)
Event: 0.300 Executing VM operation: HandshakeAllThreads (Deoptimize) done

Memory protections (0 events):
No events

Nmethod flushes (0 events):
No events

Events (17 events):
Event: 0.031 Thread 0x0000021702530be0 Thread added: 0x0000021702530be0
Event: 0.051 Thread 0x0000021702530be0 Thread added: 0x00000217206a9710
Event: 0.052 Thread 0x0000021702530be0 Thread added: 0x00000217206ab6f0
Event: 0.052 Thread 0x0000021702530be0 Thread added: 0x00000217206b6150
Event: 0.052 Thread 0x0000021702530be0 Thread added: 0x00000217206b7bc0
Event: 0.053 Thread 0x0000021702530be0 Thread added: 0x00000217206b8620
Event: 0.053 Thread 0x0000021702530be0 Thread added: 0x00000217206b9080
Event: 0.053 Thread 0x0000021702530be0 Thread added: 0x00000217206b9e10
Event: 0.054 Thread 0x0000021702530be0 Thread added: 0x00000217206d5480
Event: 0.115 Thread 0x0000021702530be0 Thread added: 0x00000217208c2a20
Event: 0.177 Thread 0x0000021702530be0 Thread added: 0x0000021720a63f00
Event: 0.348 Thread 0x0000021702530be0 Thread added: 0x0000021720b268f0
Event: 0.351 Thread 0x0000021702530be0 Thread added: 0x0000021720b2af80
Event: 0.353 Thread 0x0000021702530be0 Thread added: 0x0000021720b2d8a0
Event: 0.620 Thread 0x0000021702530be0 Thread added: 0x0000021720c042e0
Event: 0.621 Thread 0x0000021702530be0 Thread exited: 0x0000021702530be0
Event: 0.621 Thread 0x0000021702530be0 Thread added: 0x0000021702530be0


Dynamic libraries:
0x00007ff7db5b0000 - 0x00007ff7db5c0000 	C:\Program Files\Java\jdk-22\bin\java.exe
0x00007ffaaea90000 - 0x00007ffaaec88000 	C:\WINDOWS\SYSTEM32\ntdll.dll
0x00007ffaaceb0000 - 0x00007ffaacf72000 	C:\WINDOWS\System32\KERNEL32.DLL
0x00007ffaac120000 - 0x00007ffaac416000 	C:\WINDOWS\System32\KERNELBASE.dll
0x00007ffaac6d0000 - 0x00007ffaac7d0000 	C:\WINDOWS\System32\ucrtbase.dll
0x00007ffaa8980000 - 0x00007ffaa899b000 	C:\Program Files\Java\jdk-22\bin\VCRUNTIME140.dll
0x00007ffa81370000 - 0x00007ffa81387000 	C:\Program Files\Java\jdk-22\bin\jli.dll
0x00007ffaaccf0000 - 0x00007ffaace8d000 	C:\WINDOWS\System32\USER32.dll
0x00007ffaa0e30000 - 0x00007ffaa10ca000 	C:\WINDOWS\WinSxS\amd64_microsoft.windows.common-controls_6595b64144ccf1df_6.0.19041.4355_none_60b8b9eb71f62e16\COMCTL32.dll
0x00007ffaac4b0000 - 0x00007ffaac4d2000 	C:\WINDOWS\System32\win32u.dll
0x00007ffaad050000 - 0x00007ffaad0ee000 	C:\WINDOWS\System32\msvcrt.dll
0x00007ffaacf80000 - 0x00007ffaacfab000 	C:\WINDOWS\System32\GDI32.dll
0x00007ffaac530000 - 0x00007ffaac64a000 	C:\WINDOWS\System32\gdi32full.dll
0x00007ffaac7d0000 - 0x00007ffaac86d000 	C:\WINDOWS\System32\msvcp_win.dll
0x00007ffaae640000 - 0x00007ffaae66f000 	C:\WINDOWS\System32\IMM32.DLL
0x00007ffaa97b0000 - 0x00007ffaa97bc000 	C:\Program Files\Java\jdk-22\bin\vcruntime140_1.dll
0x00007ffa8faa0000 - 0x00007ffa8fb2e000 	C:\Program Files\Java\jdk-22\bin\msvcp140.dll
0x00007ffa73270000 - 0x00007ffa73fb9000 	C:\Program Files\Java\jdk-22\bin\server\jvm.dll
0x00007ffaae160000 - 0x00007ffaae20f000 	C:\WINDOWS\System32\ADVAPI32.dll
0x00007ffaacc50000 - 0x00007ffaaccef000 	C:\WINDOWS\System32\sechost.dll
0x00007ffaacb20000 - 0x00007ffaacc43000 	C:\WINDOWS\System32\RPCRT4.dll
0x00007ffaaca80000 - 0x00007ffaacaa7000 	C:\WINDOWS\System32\bcrypt.dll
0x00007ffaacab0000 - 0x00007ffaacb1b000 	C:\WINDOWS\System32\WS2_32.dll
0x00007ffaab6b0000 - 0x00007ffaab6fb000 	C:\WINDOWS\SYSTEM32\POWRPROF.dll
0x00007ffaa41a0000 - 0x00007ffaa41aa000 	C:\WINDOWS\SYSTEM32\VERSION.dll
0x00007ffaa3a10000 - 0x00007ffaa3a37000 	C:\WINDOWS\SYSTEM32\WINMM.dll
0x00007ffaab520000 - 0x00007ffaab532000 	C:\WINDOWS\SYSTEM32\UMPDC.dll
0x00007ffaa9fa0000 - 0x00007ffaa9fb2000 	C:\WINDOWS\SYSTEM32\kernel.appcore.dll
0x00007ffaa7bf0000 - 0x00007ffaa7bfa000 	C:\Program Files\Java\jdk-22\bin\jimage.dll
0x00007ffa9ca20000 - 0x00007ffa9cc04000 	C:\WINDOWS\SYSTEM32\DBGHELP.DLL
0x00007ffa92860000 - 0x00007ffa92894000 	C:\WINDOWS\SYSTEM32\dbgcore.DLL
0x00007ffaac420000 - 0x00007ffaac4a2000 	C:\WINDOWS\System32\bcryptPrimitives.dll
0x00007ffaa7cf0000 - 0x00007ffaa7d0e000 	C:\Program Files\Java\jdk-22\bin\java.dll
0x00007ffaad840000 - 0x00007ffaadfaf000 	C:\WINDOWS\System32\SHELL32.dll
0x00007ffaae7a0000 - 0x00007ffaae8cb000 	C:\WINDOWS\System32\ole32.dll
0x00007ffaae210000 - 0x00007ffaae565000 	C:\WINDOWS\System32\combase.dll
0x00007ffaaa1a0000 - 0x00007ffaaa943000 	C:\WINDOWS\SYSTEM32\windows.storage.dll
0x00007ffaabb50000 - 0x00007ffaabb7b000 	C:\WINDOWS\SYSTEM32\Wldp.dll
0x00007ffaae570000 - 0x00007ffaae63d000 	C:\WINDOWS\System32\OLEAUT32.dll
0x00007ffaae9a0000 - 0x00007ffaaea4d000 	C:\WINDOWS\System32\SHCORE.dll
0x00007ffaad780000 - 0x00007ffaad7d5000 	C:\WINDOWS\System32\shlwapi.dll
0x00007ffaac050000 - 0x00007ffaac075000 	C:\WINDOWS\SYSTEM32\profapi.dll
0x00007ffa8c670000 - 0x00007ffa8c747000 	C:\Program Files\Java\jdk-22\bin\jsvml.dll
0x00007ffaa6750000 - 0x00007ffaa6760000 	C:\Program Files\Java\jdk-22\bin\net.dll
0x00007ffaab8b0000 - 0x00007ffaab91c000 	C:\WINDOWS\system32\mswsock.dll
0x00007ffaa6230000 - 0x00007ffaa6246000 	C:\Program Files\Java\jdk-22\bin\nio.dll
0x00007ffaa6010000 - 0x00007ffaa6027000 	C:\Program Files\Java\jdk-22\bin\zip.dll
0x00007ffa7e9f0000 - 0x00007ffa7eb7e000 	C:\Program Files\Java\jdk-22\bin\awt.dll
0x00007ffaa8d00000 - 0x00007ffaa8d94000 	C:\WINDOWS\SYSTEM32\apphelp.dll
0x00007ffaa9ab0000 - 0x00007ffaa9b4e000 	C:\WINDOWS\system32\uxtheme.dll
0x00007ffaad580000 - 0x00007ffaad695000 	C:\WINDOWS\System32\MSCTF.dll
0x00007ffaa9dc0000 - 0x00007ffaa9def000 	C:\WINDOWS\system32\DWMAPI.DLL
0x00007ffa82300000 - 0x00007ffa82387000 	C:\Program Files\Java\jdk-22\bin\freetype.dll
0x00007ffa81280000 - 0x00007ffa81357000 	C:\Program Files\Java\jdk-22\bin\fontmanager.dll
0x00007ffa92590000 - 0x00007ffa926b8000 	C:\WINDOWS\system32\opengl32.dll
0x00007ffaa20e0000 - 0x00007ffaa210c000 	C:\WINDOWS\SYSTEM32\GLU32.dll

dbghelp: loaded successfully - version: 4.0.5 - missing functions: none
symbol engine: initialized successfully - sym options: 0x614 - pdb path: .;C:\Program Files\Java\jdk-22\bin;C:\WINDOWS\SYSTEM32;C:\WINDOWS\WinSxS\amd64_microsoft.windows.common-controls_6595b64144ccf1df_6.0.19041.4355_none_60b8b9eb71f62e16;C:\Program Files\Java\jdk-22\bin\server

VM Arguments:
jvm_args: -Dfile.encoding=UTF-8 --module-path=C:\Users\DELL\Documents\NetBeansProjects\KasirKoperasiSmada\build\classes 
java_command: App.Login
java_class_path (initial): C:\Users\DELL\Documents\mysql-connector-j-9.1-2.0\mysql-connector-j-9.1.0.jar;C:\Users\DELL\Documents\flatlaf\Salinan flatlaf-3.5.2.jar;C:\Users\DELL\Documents\flatlaf\Salinan flatlaf-extras-3.5.2.jar;C:\Users\DELL\Documents\flatlaf\Salinan jsvg-1.3.0.jar;C:\Program Files\NetBeans-22\netbeans\java\modules\ext\AbsoluteLayout.jar;C:\Users\DELL\Documents\NetBeansProjects\KasirKoperasiSmada\build\classes
Launcher Type: SUN_STANDARD

[Global flags]
     intx CICompilerCount                          = 3                                         {product} {ergonomic}
     uint ConcGCThreads                            = 1                                         {product} {ergonomic}
     uint G1ConcRefinementThreads                  = 4                                         {product} {ergonomic}
   size_t G1HeapRegionSize                         = 1048576                                   {product} {ergonomic}
   size_t InitialHeapSize                          = 134217728                                 {product} {ergonomic}
   size_t MarkStackSize                            = 4194304                                   {product} {ergonomic}
   size_t MaxHeapSize                              = 2122317824                                {product} {ergonomic}
   size_t MaxNewSize                               = 1272971264                                {product} {ergonomic}
   size_t MinHeapDeltaBytes                        = 1048576                                   {product} {ergonomic}
   size_t MinHeapSize                              = 8388608                                   {product} {ergonomic}
    uintx NonNMethodCodeHeapSize                   = 5832780                                {pd product} {ergonomic}
    uintx NonProfiledCodeHeapSize                  = 122912730                              {pd product} {ergonomic}
    uintx ProfiledCodeHeapSize                     = 122912730                              {pd product} {ergonomic}
    uintx ReservedCodeCacheSize                    = 251658240                              {pd product} {ergonomic}
     bool SegmentedCodeCache                       = true                                      {product} {ergonomic}
   size_t SoftMaxHeapSize                          = 2122317824                             {manageable} {ergonomic}
     bool UseCompressedOops                        = true                           {product lp64_product} {ergonomic}
     bool UseG1GC                                  = true                                      {product} {ergonomic}
     bool UseLargePagesIndividualAllocation        = false                                  {pd product} {ergonomic}

Logging:
Log output configuration:
 #0: stdout all=warning uptime,level,tags foldmultilines=false
 #1: stderr all=off uptime,level,tags foldmultilines=false

Environment Variables:
PATH=C:\Program Files\Common Files\Oracle\Java\javapath;C:\Program Files (x86)\Common Files\Intel\Shared Libraries\redist\intel64\compiler;C:\Program Files (x86)\Common Files\Oracle\Java\java8path;C:\Program Files (x86)\Common Files\Oracle\Java\javapath;C:\WINDOWS\system32;C:\WINDOWS;C:\WINDOWS\System32\Wbem;C:\WINDOWS\System32\WindowsPowerShell\v1.0\;C:\WINDOWS\System32\OpenSSH\;C:\Program Files\Git\cmd;C:\Program Files\dotnet\;C:\Users\DELL\AppData\Local\Microsoft\WindowsApps;C:\Users\DELL\AppData\Local\Programs\Microsoft VS Code\bin;C:\Users\DELL\AppData\Local\GitHubDesktop\bin
USERNAME=DELL
OS=Windows_NT
PROCESSOR_IDENTIFIER=Intel64 Family 6 Model 69 Stepping 1, GenuineIntel
TMP=C:\Users\DELL\AppData\Local\Temp
TEMP=C:\Users\DELL\AppData\Local\Temp




Periodic native trim disabled

---------------  S Y S T E M  ---------------

OS:
 Windows 10 , 64 bit Build 19041 (10.0.19041.5678)
OS uptime: 5 days 11:57 hours

CPU: total 4 (initial active 4) (2 cores per cpu, 2 threads per core) family 6 model 69 stepping 1 microcode 0x25, cx8, cmov, fxsr, ht, mmx, sse, sse2, sse3, ssse3, sse4.1, sse4.2, popcnt, lzcnt, tsc, tscinvbit, avx, avx2, aes, erms, clmul, bmi1, bmi2, fma, vzeroupper, clflush, rdtscp, f16c
Processor Information for all 4 processors :
  Max Mhz: 1701, Current Mhz: 1701, Mhz Limit: 1701

Memory: 4k page, system-wide physical 8095M (1032M free)
TotalPageFile size 12191M (AvailPageFile size 19M)
current process WorkingSet (physical memory assigned to process): 61M, peak: 61M
current process commit charge ("private bytes"): 217M, peak: 217M

vm_info: Java HotSpot(TM) 64-Bit Server VM (22.0.2+9-70) for windows-amd64 JRE (22.0.2+9-70), built on 2024-06-04T16:52:23Z by "mach5one" with MS VC++ 17.6 (VS2022)

END.
